app/build/intermediates/manifest_merge_blame_file/debug/manifest-merger-blame-debug-report.txt
1<?xml version="1.0" encoding="utf-8"?>
2<manifest xmlns:android="http://schemas.android.com/apk/res/android"
3    package="com.specknet.pdiotapp"
4    android:versionCode="1"
5    android:versionName="1.0" >
6
7    <uses-sdk
8        android:minSdkVersion="23"
8-->src/main/AndroidManifest.xml
9        android:targetSdkVersion="30" />
9-->src/main/AndroidManifest.xml
10
11    <uses-permission android:name="android.permission.BLUETOOTH" />
11-->src/main/AndroidManifest.xml:5:5-68
11-->src/main/AndroidManifest.xml:5:22-65
12    <uses-permission android:name="android.permission.BLUETOOTH_ADMIN" />
12-->src/main/AndroidManifest.xml:6:5-74
12-->src/main/AndroidManifest.xml:6:22-71
13    <uses-permission android:name="android.permission.ACCESS_FINE_LOCATION" />
13-->src/main/AndroidManifest.xml:7:5-79
13-->src/main/AndroidManifest.xml:7:22-76
14    <uses-permission android:name="android.permission.ACCESS_COARSE_LOCATION" /> <!-- To make app available to BLE-capable devices only -->
14-->src/main/AndroidManifest.xml:8:5-81
14-->src/main/AndroidManifest.xml:8:22-78
15    <uses-permission android:name="android.permission.CAMERA" />
15-->src/main/AndroidManifest.xml:9:5-65
15-->src/main/AndroidManifest.xml:9:22-62
16    <uses-permission android:name="android.permission.READ_EXTERNAL_STORAGE" />
16-->src/main/AndroidManifest.xml:10:5-80
16-->src/main/AndroidManifest.xml:10:22-77
17    <uses-permission android:name="android.permission.WRITE_EXTERNAL_STORAGE" />
17-->src/main/AndroidManifest.xml:11:5-81
17-->src/main/AndroidManifest.xml:11:22-78
18    <uses-permission android:name="android.permission.FOREGROUND_SERVICE" />
18-->src/main/AndroidManifest.xml:12:5-77
18-->src/main/AndroidManifest.xml:12:22-74
19    <uses-permission android:name="android.permission.NFC" />
19-->src/main/AndroidManifest.xml:13:5-62
19-->src/main/AndroidManifest.xml:13:22-59
20
21    <uses-feature
21-->src/main/AndroidManifest.xml:15:5-17:35
22        android:name="android.hardware.bluetooth_le"
22-->src/main/AndroidManifest.xml:16:9-53
23        android:required="true" />
23-->src/main/AndroidManifest.xml:17:9-32
24    <uses-feature android:name="android.hardware.camera" />
24-->src/main/AndroidManifest.xml:18:5-60
24-->src/main/AndroidManifest.xml:18:19-57
25
26    <uses-permission-sdk-23 android:name="android.permission.ACCESS_COARSE_LOCATION" /> <!-- Include required permissions for Google Mobile Ads to run -->
26-->[com.polidea.rxandroidble:rxandroidble:1.2.2] AndroidManifest.xml:14:5-88
26-->[com.polidea.rxandroidble:rxandroidble:1.2.2] AndroidManifest.xml:14:29-85
27    <uses-permission android:name="android.permission.INTERNET" />
27-->[com.google.android.gms:play-services-ads:7.8.0] AndroidManifest.xml:20:5-66
27-->[com.google.android.gms:play-services-ads:7.8.0] AndroidManifest.xml:20:22-64
28    <uses-permission android:name="android.permission.ACCESS_NETWORK_STATE" /> <!-- Permissions required for GCM -->
28-->[com.google.android.gms:play-services-ads:7.8.0] AndroidManifest.xml:21:5-78
28-->[com.google.android.gms:play-services-ads:7.8.0] AndroidManifest.xml:21:22-76
29    <uses-permission android:name="com.google.android.c2dm.permission.RECEIVE" />
29-->[com.google.android.gms:play-services-gcm:7.8.0] AndroidManifest.xml:21:5-82
29-->[com.google.android.gms:play-services-gcm:7.8.0] AndroidManifest.xml:21:22-79
30    <uses-permission android:name="android.permission.GET_ACCOUNTS" />
30-->[com.google.android.gms:play-services-wallet:7.8.0] AndroidManifest.xml:21:5-70
30-->[com.google.android.gms:play-services-wallet:7.8.0] AndroidManifest.xml:21:22-68
31    <uses-permission android:name="android.permission.USE_CREDENTIALS" />
31-->[com.google.android.gms:play-services-wallet:7.8.0] AndroidManifest.xml:22:5-73
31-->[com.google.android.gms:play-services-wallet:7.8.0] AndroidManifest.xml:22:22-71
32
33    <uses-feature
33-->[com.google.android.gms:play-services-maps:7.8.0] AndroidManifest.xml:23:5-25:33
34        android:glEsVersion="0x00020000"
34-->[com.google.android.gms:play-services-maps:7.8.0] AndroidManifest.xml:24:8-40
35        android:required="true" />
35-->[com.google.android.gms:play-services-maps:7.8.0] AndroidManifest.xml:25:8-31
36
37    <application
37-->src/main/AndroidManifest.xml:20:5-103:19
38        android:allowBackup="true"
38-->src/main/AndroidManifest.xml:21:9-35
39        android:appComponentFactory="androidx.core.app.CoreComponentFactory"
39-->[androidx.core:core:1.2.0] AndroidManifest.xml:24:18-86
40        android:debuggable="true"
41        android:extractNativeLibs="false"
42        android:icon="@mipmap/ic_launcher"
42-->src/main/AndroidManifest.xml:22:9-43
43        android:label="@string/app_name"
43-->src/main/AndroidManifest.xml:23:9-41
44        android:roundIcon="@mipmap/ic_launcher_round"
44-->src/main/AndroidManifest.xml:24:9-54
45        android:supportsRtl="true"
45-->src/main/AndroidManifest.xml:25:9-35
46        android:testOnly="true"
47        android:theme="@style/AppTheme" >
47-->src/main/AndroidManifest.xml:26:9-40
48        <activity
48-->src/main/AndroidManifest.xml:27:9-33:20
49            android:name="com.specknet.pdiotapp.classification.ClassificationActivity"
49-->src/main/AndroidManifest.xml:28:13-66
50            android:exported="false" >
50-->src/main/AndroidManifest.xml:29:13-37
51            <meta-data
51-->src/main/AndroidManifest.xml:30:13-32:36
52                android:name="android.app.lib_name"
52-->src/main/AndroidManifest.xml:31:17-52
53                android:value="" />
53-->src/main/AndroidManifest.xml:32:17-33
54        </activity>
55
56        <service
56-->src/main/AndroidManifest.xml:35:9-38:39
57            android:name="com.specknet.pdiotapp.bluetooth.BluetoothSpeckService"
57-->src/main/AndroidManifest.xml:36:13-60
58            android:enabled="true"
58-->src/main/AndroidManifest.xml:37:13-35
59            android:exported="true" />
59-->src/main/AndroidManifest.xml:38:13-36
60
61        <activity
61-->src/main/AndroidManifest.xml:40:9-58:20
62            android:name="com.specknet.pdiotapp.live.LiveDataActivity"
62-->src/main/AndroidManifest.xml:41:13-50
63            android:screenOrientation="portrait" >
63-->src/main/AndroidManifest.xml:42:13-49
64            <intent-filter>
64-->src/main/AndroidManifest.xml:43:13-45:29
65                <action android:name="com.specknet.respeck.RESPECK_LIVE_BROADCAST" />
65-->src/main/AndroidManifest.xml:44:17-86
65-->src/main/AndroidManifest.xml:44:25-83
66            </intent-filter>
67            <intent-filter>
67-->src/main/AndroidManifest.xml:46:13-48:29
68                <action android:name="com.specknet.respeck.ACTION_RESPECK_LIVE_BROADCAST" />
68-->src/main/AndroidManifest.xml:47:17-93
68-->src/main/AndroidManifest.xml:47:25-90
69            </intent-filter>
70            <intent-filter>
70-->src/main/AndroidManifest.xml:49:13-51:29
71                <action android:name="com.specknet.respeck.ACTION_RESPECK_REHAB_BROADCAST" />
71-->src/main/AndroidManifest.xml:50:17-94
71-->src/main/AndroidManifest.xml:50:25-91
72            </intent-filter>
73            <intent-filter>
73-->src/main/AndroidManifest.xml:52:13-54:29
74                <action android:name="com.specknet.respeck.RESPECK_REHAB_BROADCAST" />
74-->src/main/AndroidManifest.xml:53:17-87
74-->src/main/AndroidManifest.xml:53:25-84
75            </intent-filter>
76            <intent-filter>
76-->src/main/AndroidManifest.xml:55:13-57:29
77                <action android:name="com.specknet.pdiotapp.RESPECK_BROADCAST" />
77-->src/main/AndroidManifest.xml:56:17-82
77-->src/main/AndroidManifest.xml:56:25-79
78            </intent-filter>
79        </activity>
80        <activity
80-->src/main/AndroidManifest.xml:59:9-61:52
81            android:name="com.specknet.pdiotapp.barcode.BarcodeActivity"
81-->src/main/AndroidManifest.xml:60:13-52
82            android:screenOrientation="portrait" />
82-->src/main/AndroidManifest.xml:61:13-49
83        <activity
83-->src/main/AndroidManifest.xml:62:9-71:20
84            android:name="com.specknet.pdiotapp.bluetooth.ConnectingActivity"
84-->src/main/AndroidManifest.xml:63:13-57
85            android:screenOrientation="portrait" >
85-->src/main/AndroidManifest.xml:64:13-49
86            <intent-filter>
86-->src/main/AndroidManifest.xml:65:13-67:29
87                <action android:name="com.specknet.pdiotapp.RESPECK_CONNECTED" />
87-->src/main/AndroidManifest.xml:66:17-82
87-->src/main/AndroidManifest.xml:66:25-79
88            </intent-filter>
89            <intent-filter>
89-->src/main/AndroidManifest.xml:68:13-70:29
90                <action android:name="com.specknet.pdiotapp.RESPECK_DISCONNECTED" />
90-->src/main/AndroidManifest.xml:69:17-85
90-->src/main/AndroidManifest.xml:69:25-82
91            </intent-filter>
92        </activity>
93
94        <service
94-->src/main/AndroidManifest.xml:73:9-80:19
95            android:name="com.specknet.pdiotapp.bluetooth.BluetoothService"
95-->src/main/AndroidManifest.xml:74:13-55
96            android:enabled="true"
96-->src/main/AndroidManifest.xml:75:13-35
97            android:exported="true" >
97-->src/main/AndroidManifest.xml:76:13-36
98            <intent-filter>
98-->src/main/AndroidManifest.xml:77:13-79:29
99                <action android:name="com.specknet.respeckmodeltesting.RESPECK_BROADCAST" />
99-->src/main/AndroidManifest.xml:78:17-93
99-->src/main/AndroidManifest.xml:78:25-90
100            </intent-filter>
101        </service>
102
103        <activity
103-->src/main/AndroidManifest.xml:82:9-84:52
104            android:name="com.specknet.pdiotapp.onboarding.OnBoardingActivity"
104-->src/main/AndroidManifest.xml:83:13-58
105            android:screenOrientation="portrait" />
105-->src/main/AndroidManifest.xml:84:13-49
106        <activity
106-->src/main/AndroidManifest.xml:85:9-87:52
107            android:name="com.specknet.pdiotapp.RecordingActivity"
107-->src/main/AndroidManifest.xml:86:13-46
108            android:screenOrientation="portrait" />
108-->src/main/AndroidManifest.xml:87:13-49
109        <activity
109-->src/main/AndroidManifest.xml:88:9-102:20
110            android:name="com.specknet.pdiotapp.MainActivity"
110-->src/main/AndroidManifest.xml:89:13-41
111            android:screenOrientation="portrait" >
111-->src/main/AndroidManifest.xml:90:13-49
112            <intent-filter>
112-->src/main/AndroidManifest.xml:91:13-95:29
113                <action android:name="android.intent.action.MAIN" />
113-->src/main/AndroidManifest.xml:92:17-69
113-->src/main/AndroidManifest.xml:92:25-66
114
115                <category android:name="android.intent.category.LAUNCHER" />
115-->src/main/AndroidManifest.xml:94:17-77
115-->src/main/AndroidManifest.xml:94:27-74
116            </intent-filter>
117            <intent-filter>
117-->src/main/AndroidManifest.xml:96:13-98:29
118                <action android:name="com.specknet.respeckmodeltesting.RESPECK_CONNECTED" />
118-->src/main/AndroidManifest.xml:97:17-93
118-->src/main/AndroidManifest.xml:97:25-90
119            </intent-filter>
120            <intent-filter>
120-->src/main/AndroidManifest.xml:99:13-101:29
121                <action android:name="com.specknet.respeckmodeltesting.RESPECK_DISCONNECTED" />
121-->src/main/AndroidManifest.xml:100:17-96
121-->src/main/AndroidManifest.xml:100:25-93
122            </intent-filter>
123        </activity>
124
125        <provider
125-->[androidx.lifecycle:lifecycle-process:2.1.0] AndroidManifest.xml:23:9-27:43
126            android:name="androidx.lifecycle.ProcessLifecycleOwnerInitializer"
126-->[androidx.lifecycle:lifecycle-process:2.1.0] AndroidManifest.xml:24:13-79
127            android:authorities="com.specknet.pdiotapp.lifecycle-process"
127-->[androidx.lifecycle:lifecycle-process:2.1.0] AndroidManifest.xml:25:13-69
128            android:exported="false"
128-->[androidx.lifecycle:lifecycle-process:2.1.0] AndroidManifest.xml:26:13-37
129            android:multiprocess="true" /> <!-- Include the AdActivity and InAppPurchaseActivity configChanges and themes. -->
129-->[androidx.lifecycle:lifecycle-process:2.1.0] AndroidManifest.xml:27:13-40
130        <activity
130-->[com.google.android.gms:play-services-ads:7.8.0] AndroidManifest.xml:26:9-29:64
131            android:name="com.google.android.gms.ads.AdActivity"
131-->[com.google.android.gms:play-services-ads:7.8.0] AndroidManifest.xml:27:13-65
132            android:configChanges="keyboard|keyboardHidden|orientation|screenLayout|uiMode|screenSize|smallestScreenSize"
132-->[com.google.android.gms:play-services-ads:7.8.0] AndroidManifest.xml:28:13-122
133            android:theme="@android:style/Theme.Translucent" />
133-->[com.google.android.gms:play-services-ads:7.8.0] AndroidManifest.xml:29:13-61
134        <activity
134-->[com.google.android.gms:play-services-ads:7.8.0] AndroidManifest.xml:30:9-31:52
135            android:name="com.google.android.gms.ads.purchase.InAppPurchaseActivity"
135-->[com.google.android.gms:play-services-ads:7.8.0] AndroidManifest.xml:30:19-91
136            android:theme="@style/Theme.IAPTheme" />
136-->[com.google.android.gms:play-services-ads:7.8.0] AndroidManifest.xml:31:13-50
137        <activity
137-->[com.google.android.gms:play-services-base:17.0.0] AndroidManifest.xml:23:9-26:75
138            android:name="com.google.android.gms.common.api.GoogleApiActivity"
138-->[com.google.android.gms:play-services-base:17.0.0] AndroidManifest.xml:24:13-79
139            android:exported="false"
139-->[com.google.android.gms:play-services-base:17.0.0] AndroidManifest.xml:25:13-37
140            android:theme="@android:style/Theme.Translucent.NoTitleBar" />
140-->[com.google.android.gms:play-services-base:17.0.0] AndroidManifest.xml:26:13-72
141
142        <meta-data
142-->[com.google.android.gms:play-services-basement:17.0.0] AndroidManifest.xml:23:9-25:69
143            android:name="com.google.android.gms.version"
143-->[com.google.android.gms:play-services-basement:17.0.0] AndroidManifest.xml:24:13-58
144            android:value="@integer/google_play_services_version" />
144-->[com.google.android.gms:play-services-basement:17.0.0] AndroidManifest.xml:25:13-66
145    </application>
146
147</manifest>